Using pre-set license
Built from '2022.3/staging' branch; Version is '2022.3.46f1 (8e9b8558c41a) revision 9345925'; Using compiler version '192829333'; Build Type 'Release'
OS: 'Windows 10  (10.0.19045) 64bit Enterprise' Language: 'en' Physical Memory: 32440 MB
BatchMode: 1, IsHumanControllingUs: 0, StartBugReporterOnCrash: 0, Is64bit: 1, IsPro: 1

COMMAND LINE ARGUMENTS:
C:\Program Files\Unity\Hub\Editor\2022.3.46f1\Editor\Unity.exe
-adb2
-batchMode
-noUpm
-name
AssetImportWorker1
-projectPath
C:/Users/drnigm/Documents/GitHub/igme-206-negrin/Unity Projects/Projects/Exercise U2
-logFile
Logs/AssetImportWorker1.log
-srvPort
52066
Successfully changed project path to: C:/Users/drnigm/Documents/GitHub/igme-206-negrin/Unity Projects/Projects/Exercise U2
C:/Users/drnigm/Documents/GitHub/igme-206-negrin/Unity Projects/Projects/Exercise U2
[UnityMemory] Configuration Parameters - Can be set up in boot.config
    "memorysetup-bucket-allocator-granularity=16"
    "memorysetup-bucket-allocator-bucket-count=8"
    "memorysetup-bucket-allocator-block-size=33554432"
    "memorysetup-bucket-allocator-block-count=8"
    "memorysetup-main-allocator-block-size=16777216"
    "memorysetup-thread-allocator-block-size=16777216"
    "memorysetup-gfx-main-allocator-block-size=16777216"
    "memorysetup-gfx-thread-allocator-block-size=16777216"
    "memorysetup-cache-allocator-block-size=4194304"
    "memorysetup-typetree-allocator-block-size=2097152"
    "memorysetup-profiler-bucket-allocator-granularity=16"
    "memorysetup-profiler-bucket-allocator-bucket-count=8"
    "memorysetup-profiler-bucket-allocator-block-size=33554432"
    "memorysetup-profiler-bucket-allocator-block-count=8"
    "memorysetup-profiler-allocator-block-size=16777216"
    "memorysetup-profiler-editor-allocator-block-size=1048576"
    "memorysetup-temp-allocator-size-main=16777216"
    "memorysetup-job-temp-allocator-block-size=2097152"
    "memorysetup-job-temp-allocator-block-size-background=1048576"
    "memorysetup-job-temp-allocator-reduction-small-platforms=262144"
    "memorysetup-allocator-temp-initial-block-size-main=262144"
    "memorysetup-allocator-temp-initial-block-size-worker=262144"
    "memorysetup-temp-allocator-size-background-worker=32768"
    "memorysetup-temp-allocator-size-job-worker=262144"
    "memorysetup-temp-allocator-size-preload-manager=33554432"
    "memorysetup-temp-allocator-size-nav-mesh-worker=65536"
    "memorysetup-temp-allocator-size-audio-worker=65536"
    "memorysetup-temp-allocator-size-cloud-worker=32768"
    "memorysetup-temp-allocator-size-gi-baking-worker=262144"
    "memorysetup-temp-allocator-size-gfx=262144"
Player connection [22508]  Target information:

Player connection [22508]  * "[IP] 192.168.1.112 [Port] 0 [Flags] 2 [Guid] 890379431 [EditorId] 890379431 [Version] 1048832 [Id] WindowsEditor(7,GCIS-DRNIGM-W2) [Debug] 1 [PackageName] WindowsEditor [ProjectName] Editor" 

Player connection [22508] Host joined multi-casting on [225.0.0.222:54997]...
Player connection [22508] Host joined alternative multi-casting on [225.0.0.222:34997]...
[PhysX] Initialized MultithreadedTaskDispatcher with 12 workers.
Refreshing native plugins compatible for Editor in 15.50 ms, found 3 plugins.
Preloading 0 native plugins for Editor in 0.00 ms.
Initialize engine version: 2022.3.46f1 (8e9b8558c41a)
[Subsystems] Discovering subsystems at path C:/Program Files/Unity/Hub/Editor/2022.3.46f1/Editor/Data/Resources/UnitySubsystems
[Subsystems] Discovering subsystems at path C:/Users/drnigm/Documents/GitHub/igme-206-negrin/Unity Projects/Projects/Exercise U2/Assets
GfxDevice: creating device client; threaded=0; jobified=0
Direct3D:
    Version:  Direct3D 11.0 [level 11.1]
    Renderer: Intel(R) Iris(R) Xe Graphics (ID=0xa7a1)
    Vendor:   Intel
    VRAM:     16220 MB
    Driver:   32.0.101.5972
Initialize mono
Mono path[0] = 'C:/Program Files/Unity/Hub/Editor/2022.3.46f1/Editor/Data/Managed'
Mono path[1] = 'C:/Program Files/Unity/Hub/Editor/2022.3.46f1/Editor/Data/MonoBleedingEdge/lib/mono/unityjit-win32'
Mono config path = 'C:/Program Files/Unity/Hub/Editor/2022.3.46f1/Editor/Data/MonoBleedingEdge/etc'
Using monoOptions --debugger-agent=transport=dt_socket,embedding=1,server=y,suspend=n,address=127.0.0.1:56916
Begin MonoManager ReloadAssembly
Registering precompiled unity dll's ...
Register platform support module: C:/Program Files/Unity/Hub/Editor/2022.3.46f1/Editor/Data/PlaybackEngines/WebGLSupport/UnityEditor.WebGL.Extensions.dll
Register platform support module: C:/Program Files/Unity/Hub/Editor/2022.3.46f1/Editor/Data/PlaybackEngines/WindowsStandaloneSupport/UnityEditor.WindowsStandalone.Extensions.dll
Registered in 0.033513 seconds.
- Loaded All Assemblies, in  0.798 seconds
Native extension for WindowsStandalone target not found
Native extension for WebGL target not found
Mono: successfully reloaded assembly
- Finished resetting the current domain, in  0.948 seconds
Domain Reload Profiling: 1741ms
	BeginReloadAssembly (219ms)
		ExecutionOrderSort (0ms)
		DisableScriptedObjects (0ms)
		BackupInstance (0ms)
		ReleaseScriptingObjects (0ms)
		CreateAndSetChildDomain (1ms)
	RebuildCommonClasses (74ms)
	RebuildNativeTypeToScriptingClass (22ms)
	initialDomainReloadingComplete (161ms)
	LoadAllAssembliesAndSetupDomain (315ms)
		LoadAssemblies (214ms)
		RebuildTransferFunctionScriptingTraits (0ms)
		AnalyzeDomain (311ms)
			TypeCache.Refresh (309ms)
				TypeCache.ScanAssembly (281ms)
			ScanForSourceGeneratedMonoScriptInfo (1ms)
			ResolveRequiredComponents (1ms)
	FinalizeReload (949ms)
		ReleaseScriptCaches (0ms)
		RebuildScriptCaches (0ms)
		SetupLoadedEditorAssemblies (838ms)
			LogAssemblyErrors (0ms)
			InitializePlatformSupportModulesInManaged (25ms)
			SetLoadedEditorAssemblies (11ms)
			RefreshPlugins (0ms)
			BeforeProcessingInitializeOnLoad (4ms)
			ProcessInitializeOnLoadAttributes (645ms)
			ProcessInitializeOnLoadMethodAttributes (154ms)
			AfterProcessingInitializeOnLoad (0ms)
			EditorAssembliesLoaded (0ms)
		ExecutionOrderSort2 (0ms)
		AwakeInstancesAfterBackupRestoration (0ms)
Assertion failed on expression: 'IsFileCreated(assemblyPath)'
Assertion failed on expression: 'IsFileCreated(assemblyPath)'
Assertion failed on expression: 'IsFileCreated(assemblyPath)'
Assertion failed on expression: 'IsFileCreated(assemblyPath)'
Assertion failed on expression: 'IsFileCreated(assemblyPath)'
Assertion failed on expression: 'IsFileCreated(assemblyPath)'
Compilation Pipeline: Could not read file Packages/com.unity.collab-proxy/Editor/PlasticSCM/Toolbar/Unity.CollabProxy.Editor.asmdef
Fatal Error! Compilation Pipeline: Could not read file Packages/com.unity.collab-proxy/Editor/PlasticSCM/Toolbar/Unity.CollabProxy.Editor.asmdef
Crash!!!
SymInit: Symbol-SearchPath: 'C:/Program Files/Unity/Hub/Editor/2022.3.46f1/Editor/Data/Mono;.;C:\Users\drnigm\Documents\GitHub\igme-206-negrin\Unity Projects\Projects\Exercise U2;C:\Users\drnigm\Documents\GitHub\igme-206-negrin\Unity Projects\Projects\Exercise U2\Library\BurstCache\JIT;C:\Program Files\Unity\Hub\Editor\2022.3.46f1\Editor;C:\windows;C:\windows\system32;', symOptions: 534, UserName: 'drnigm'
OS-Version: 10.0.0
C:\Program Files\Unity\Hub\Editor\2022.3.46f1\Editor\Unity.exe:Unity.exe (00007FF6E6A00000), size: 82362368 (result: 0), SymType: '-deferred-', PDB: '', fileVersion: 2022.3.46.39813
C:\windows\SYSTEM32\ntd1l.dll:ntd1l.dll (000002BDC7BA0000), size: 2064384 (result: 0), SymType: '-deferred-', PDB: ''
C:\windows\System32\kern3l32.dll:kern3l32.dll (000002BDC7DA0000), size: 794624 (result: 0), SymType: '-deferred-', PDB: ''
C:\windows\SYSTEM32\ntdll.dll:ntdll.dll (00007FFAA13D0000), size: 2064384 (result: 0), SymType: '-deferred-', PDB: '', fileVersion: 10.0.19041.5007
C:\windows\System32\KERNEL32.DLL:KERNEL32.DLL (00007FFAA04B0000), size: 794624 (result: 0), SymType: '-deferred-', PDB: '', fileVersion: 10.0.19041.4957
C:\windows\System32\KERNELBASE.dll:KERNELBASE.dll (00007FFA9EE30000), size: 3137536 (result: 0), SymType: '-deferred-', PDB: '', fileVersion: 10.0.19041.4957
C:\Program Files\SentinelOne\Sentinel Agent 23.4.4.223\InProcessClient64.dll:InProcessClient64.dll (00007FFA9E4C0000), size: 3346432 (result: 0), SymType: '-deferred-', PDB: '', fileVersion: 23.4.4.223
C:\windows\System32\ADVAPI32.dll:ADVAPI32.dll (00007FFAA02A0000), size: 729088 (result: 0), SymType: '-deferred-', PDB: '', fileVersion: 10.0.19041.5011
C:\windows\System32\msvcrt.dll:msvcrt.dll (00007FFAA0A70000), size: 647168 (result: 0), SymType: '-deferred-', PDB: '', fileVersion: 7.0.19041.3636
C:\windows\System32\sechost.dll:sechost.dll (00007FFAA0B10000), size: 655360 (result: 0), SymType: '-deferred-', PDB: '', fileVersion: 10.0.19041.4597
C:\windows\System32\RPCRT4.dll:RPCRT4.dll (00007FFAA0940000), size: 1191936 (result: 0), SymType: '-deferred-', PDB: '', fileVersion: 10.0.19041.4957
C:\windows\System32\bcrypt.dll:bcrypt.dll (00007FFA9EA70000), size: 159744 (result: 0), SymType: '-deferred-', PDB: '', fileVersion: 10.0.19041.3636
C:\windows\System32\CRYPT32.dll:CRYPT32.dll (00007FFA9EB10000), size: 1425408 (result: 0), SymType: '-deferred-', PDB: '', fileVersion: 10.0.19041.4894
C:\windows\System32\ucrtbase.dll:ucrtbase.dll (00007FFA9F2F0000), size: 1048576 (result: 0), SymType: '-deferred-', PDB: '', fileVersion: 10.0.19041.3636
C:\windows\System32\USER32.dll:USER32.dll (00007FFAA0580000), size: 1691648 (result: 0), SymType: '-deferred-', PDB: '', fileVersion: 10.0.19041.4717
C:\Program Files\Unity\Hub\Editor\2022.3.46f1\Editor\s3tcompress.dll:s3tcompress.dll (00007FFA72A50000), size: 180224 (result: 0), SymType: '-deferred-', PDB: ''
C:\Program Files\Unity\Hub\Editor\2022.3.46f1\Editor\etccompress.dll:etccompress.dll (00007FF9D16E0000), size: 5066752 (result: 0), SymType: '-deferred-', PDB: ''
C:\Program Files\Unity\Hub\Editor\2022.3.46f1\Editor\libfbxsdk.dll:libfbxsdk.dll (00007FF9C2810000), size: 8019968 (result: 0), SymType: '-deferred-', PDB: '', fileVersion: 2020.3.7.0
C:\windows\System32\win32u.dll:win32u.dll (00007FFA9EC70000), size: 139264 (result: 0), SymType: '-deferred-', PDB: '', fileVersion: 10.0.19041.5007
C:\windows\System32\GDI32.dll:GDI32.dll (00007FFAA0C80000), size: 176128 (result: 0), SymType: '-deferred-', PDB: '', fileVersion: 10.0.19041.4474
C:\Program Files\Unity\Hub\Editor\2022.3.46f1\Editor\compress_bc7e.dll:compress_bc7e.dll (00007FF9F4080000), size: 1433600 (result: 0), SymType: '-deferred-', PDB: ''
C:\Program Files\Unity\Hub\Editor\2022.3.46f1\Editor\ispc_texcomp.dll:ispc_texcomp.dll (00007FF9F0100000), size: 1826816 (result: 0), SymType: '-deferred-', PDB: ''
C:\Program Files\Unity\Hub\Editor\2022.3.46f1\Editor\FreeImage.dll:FreeImage.dll (0000000180000000), size: 5783552 (result: 0), SymType: '-deferred-', PDB: '', fileVersion: 3.18.0.0
C:\windows\System32\WS2_32.dll:WS2_32.dll (00007FFAA0720000), size: 438272 (result: 0), SymType: '-deferred-', PDB: '', fileVersion: 10.0.19041.3636
C:\windows\System32\gdi32full.dll:gdi32full.dll (00007FFA9F130000), size: 1142784 (result: 0), SymType: '-deferred-', PDB: '', fileVersion: 10.0.19041.4957
C:\Program Files\Unity\Hub\Editor\2022.3.46f1\Editor\WinPixEventRuntime.dll:WinPixEventRuntime.dll (00007FFA94930000), size: 45056 (result: 0), SymType: '-deferred-', PDB: '', fileVersion: 1.0.1812.6001
C:\Program Files\Unity\Hub\Editor\2022.3.46f1\Editor\umbraoptimizer64.dll:umbraoptimizer64.dll (00007FF9F5410000), size: 1187840 (result: 0), SymType: '-deferred-', PDB: ''
C:\windows\System32\msvcp_win.dll:msvcp_win.dll (00007FFA9F250000), size: 643072 (result: 0), SymType: '-deferred-', PDB: '', fileVersion: 10.0.19041.3636
C:\windows\SYSTEM32\MSVCP140.dll:MSVCP140.dll (00007FFA6D320000), size: 577536 (result: 0), SymType: '-deferred-', PDB: '', fileVersion: 14.40.33810.0
C:\windows\SYSTEM32\VCRUNTIME140.dll:VCRUNTIME140.dll (00007FFA6D300000), size: 122880 (result: 0), SymType: '-deferred-', PDB: '', fileVersion: 14.40.33810.0
C:\windows\System32\SHELL32.dll:SHELL32.dll (00007FFA9F400000), size: 7794688 (result: 0), SymType: '-deferred-', PDB: '', fileVersion: 10.0.19041.4957
C:\windows\SYSTEM32\VCRUNTIME140_1.dll:VCRUNTIME140_1.dll (00007FFA6D2F0000), size: 49152 (result: 0), SymType: '-deferred-', PDB: '', fileVersion: 14.40.33810.0
C:\windows\System32\SHLWAPI.dll:SHLWAPI.dll (00007FFAA00F0000), size: 348160 (result: 0), SymType: '-deferred-', PDB: '', fileVersion: 10.0.19041.4355
C:\windows\System32\ole32.dll:ole32.dll (00007FFAA1070000), size: 1224704 (result: 0), SymType: '-deferred-', PDB: '', fileVersion: 10.0.19041.4355
C:\windows\System32\combase.dll:combase.dll (00007FFAA0D10000), size: 3485696 (result: 0), SymType: '-deferred-', PDB: '', fileVersion: 10.0.19041.4717
C:\windows\System32\IMM32.dll:IMM32.dll (00007FFAA0150000), size: 192512 (result: 0), SymType: '-deferred-', PDB: '', fileVersion: 10.0.19041.4474
C:\windows\System32\SETUPAPI.dll:SETUPAPI.dll (00007FFA9FC80000), size: 4644864 (result: 0), SymType: '-deferred-', PDB: '', fileVersion: 10.0.19041.4355
C:\windows\SYSTEM32\OPENGL32.dll:OPENGL32.dll (00007FF9EFFD0000), size: 1212416 (result: 0), SymType: '-deferred-', PDB: '', fileVersion: 10.0.19041.4957
C:\windows\SYSTEM32\GLU32.dll:GLU32.dll (00007FFA72A20000), size: 180224 (result: 0), SymType: '-deferred-', PDB: '', fileVersion: 10.0.19041.3636
C:\windows\System32\cfgmgr32.dll:cfgmgr32.dll (00007FFA9ECA0000), size: 319488 (result: 0), SymType: '-deferred-', PDB: '', fileVersion: 10.0.19041.3996
C:\windows\SYSTEM32\IPHLPAPI.DLL:IPHLPAPI.DLL (00007FFA9DB30000), size: 241664 (result: 0), SymType: '-deferred-', PDB: '', fileVersion: 10.0.19041.3636
C:\windows\System32\OLEAUT32.dll:OLEAUT32.dll (00007FFAA0BB0000), size: 839680 (result: 0), SymType: '-deferred-', PDB: '', fileVersion: 10.0.19041.3636
C:\windows\System32\WINTRUST.dll:WINTRUST.dll (00007FFA9EAA0000), size: 430080 (result: 0), SymType: '-deferred-', PDB: '', fileVersion: 10.0.19041.4957
C:\windows\SYSTEM32\WINHTTP.dll:WINHTTP.dll (00007FFA9D6D0000), size: 1101824 (result: 0), SymType: '-deferred-', PDB: '', fileVersion: 10.0.19041.4717
C:\windows\SYSTEM32\WINMM.dll:WINMM.dll (00007FFA8F960000), size: 159744 (result: 0), SymType: '-deferred-', PDB: '', fileVersion: 10.0.19041.3636
C:\windows\SYSTEM32\HID.DLL:HID.DLL (00007FFA9CC50000), size: 53248 (result: 0), SymType: '-deferred-', PDB: '', fileVersion: 10.0.19041.3636
C:\Program Files\Unity\Hub\Editor\2022.3.46f1\Editor\SketchUpAPI.dll:SketchUpAPI.dll (00007FF9C0DF0000), size: 8990720 (result: 0), SymType: '-deferred-', PDB: '', fileVersion: 23.0.0.0
C:\windows\SYSTEM32\dwmapi.dll:dwmapi.dll (00007FFA9BE80000), size: 192512 (result: 0), SymType: '-deferred-', PDB: '', fileVersion: 10.0.19041.4355
C:\Program Files\Unity\Hub\Editor\2022.3.46f1\Editor\NativeProxyHelper.dll:NativeProxyHelper.dll (00007FF9E66C0000), size: 1789952 (result: 0), SymType: '-deferred-', PDB: ''
C:\windows\SYSTEM32\VERSION.dll:VERSION.dll (00007FFA9E4B0000), size: 40960 (result: 0), SymType: '-deferred-', PDB: '', fileVersion: 10.0.19041.3636
C:\windows\SYSTEM32\WSOCK32.dll:WSOCK32.dll (00007FFA7D9A0000), size: 36864 (result: 0), SymType: '-deferred-', PDB: '', fileVersion: 10.0.19041.1
C:\Program Files\Unity\Hub\Editor\2022.3.46f1\Editor\SketchUpCommonPreferences.dll:SketchUpCommonPreferences.dll (00007FF9F8A70000), size: 499712 (result: 0), SymType: '-deferred-', PDB: '', fileVersion: 23.0.0.0
C:\windows\SYSTEM32\Secur32.dll:Secur32.dll (00007FFA88590000), size: 49152 (result: 0), SymType: '-deferred-', PDB: '', fileVersion: 10.0.19041.3636
C:\windows\SYSTEM32\SSPICLI.DLL:SSPICLI.DLL (00007FFA9E920000), size: 204800 (result: 0), SymType: '-deferred-', PDB: '', fileVersion: 10.0.19041.4239
C:\Program Files\Unity\Hub\Editor\2022.3.46f1\Editor\OpenRL.dll:OpenRL.dll (000002BDC6B50000), size: 12779520 (result: 0), SymType: '-deferred-', PDB: '', fileVersion: 1.5.0.2907
C:\windows\SYSTEM32\MSVCP100.dll:MSVCP100.dll (000000006E560000), size: 622592 (result: 0), SymType: '-deferred-', PDB: '', fileVersion: 10.0.40219.325
C:\windows\SYSTEM32\MSVCR100.dll:MSVCR100.dll (000000006E600000), size: 860160 (result: 0), SymType: '-deferred-', PDB: '', fileVersion: 10.0.40219.325
C:\Program Files\Unity\Hub\Editor\2022.3.46f1\Editor\embree.dll:embree.dll (00007FF9BFE00000), size: 16711680 (result: 0), SymType: '-deferred-', PDB: '', fileVersion: 2.14.0.0
C:\windows\SYSTEM32\MSWSOCK.DLL:MSWSOCK.DLL (00007FFA9DEA0000), size: 434176 (result: 0), SymType: '-deferred-', PDB: '', fileVersion: 10.0.19041.3636
C:\Program Files\Unity\Hub\Editor\2022.3.46f1\Editor\tbb.dll:tbb.dll (00007FF9F8690000), size: 413696 (result: 0), SymType: '-deferred-', PDB: '', fileVersion: 2017.0.2016.1004
C:\windows\SYSTEM32\MSVCP120.dll:MSVCP120.dll (00007FF9F3F40000), size: 679936 (result: 0), SymType: '-deferred-', PDB: '', fileVersion: 12.0.21005.1
C:\windows\SYSTEM32\MSVCR120.dll:MSVCR120.dll (00007FF9EFEE0000), size: 978944 (result: 0), SymType: '-deferred-', PDB: '', fileVersion: 12.0.21005.1
C:\Program Files\Unity\Hub\Editor\2022.3.46f1\Editor\OpenRL_pthread.dll:OpenRL_pthread.dll (000002BDC77A0000), size: 61440 (result: 0), SymType: '-deferred-', PDB: '', fileVersion: 2.9.0.0
C:\windows\SYSTEM32\FLTLIB.DLL:FLTLIB.DLL (00007FFA9E4A0000), size: 45056 (result: 0), SymType: '-deferred-', PDB: '', fileVersion: 10.0.19041.3636
C:\windows\SYSTEM32\MSASN1.dll:MSASN1.dll (00007FFA9E2D0000), size: 73728 (result: 0), SymType: '-deferred-', PDB: '', fileVersion: 10.0.19041.3636
C:\windows\System32\bcryptprimitives.dll:bcryptprimitives.dll (00007FFA9ECF0000), size: 532480 (result: 0), SymType: '-deferred-', PDB: '', fileVersion: 10.0.19041.5007
C:\windows\SYSTEM32\kernel.appcore.dll:kernel.appcore.dll (00007FFA9C280000), size: 73728 (result: 0), SymType: '-deferred-', PDB: '', fileVersion: 10.0.19041.3758
C:\windows\system32\uxtheme.dll:uxtheme.dll (00007FFA9BB10000), size: 647168 (result: 0), SymType: '-deferred-', PDB: '', fileVersion: 10.0.19041.4529
C:\windows\SYSTEM32\windows.storage.dll:windows.storage.dll (00007FFA9C4A0000), size: 8011776 (result: 0), SymType: '-deferred-', PDB: '', fileVersion: 10.0.19041.4957
C:\windows\SYSTEM32\Wldp.dll:Wldp.dll (00007FFA9E140000), size: 188416 (result: 0), SymType: '-deferred-', PDB: '', fileVersion: 10.0.19041.4780
C:\windows\System32\SHCORE.dll:SHCORE.dll (00007FFA9FB70000), size: 708608 (result: 0), SymType: '-deferred-', PDB: '', fileVersion: 10.0.19041.4522
C:\windows\SYSTEM32\profapi.dll:profapi.dll (00007FFA9E9A0000), size: 147456 (result: 0), SymType: '-deferred-', PDB: '', fileVersion: 10.0.19041.4355
C:\windows\system32\IconCodecService.dll:IconCodecService.dll (00007FFA60D80000), size: 36864 (result: 0), SymType: '-deferred-', PDB: '', fileVersion: 10.0.19041.1
C:\windows\SYSTEM32\WindowsCodecs.dll:WindowsCodecs.dll (00007FFA9B660000), size: 1794048 (result: 0), SymType: '-deferred-', PDB: '', fileVersion: 10.0.19041.4648
C:\windows\System32\clbcatq.dll:clbcatq.dll (00007FFAA12E0000), size: 692224 (result: 0), SymType: '-deferred-', PDB: '', fileVersion: 2001.12.10941.16384
C:\windows\System32\netprofm.dll:netprofm.dll (00007FFA9A990000), size: 258048 (result: 0), SymType: '-deferred-', PDB: '', fileVersion: 10.0.19041.4355
C:\windows\System32\npmproxy.dll:npmproxy.dll (00007FFA952B0000), size: 65536 (result: 0), SymType: '-deferred-', PDB: '', fileVersion: 10.0.19041.4239
C:\windows\System32\NSI.dll:NSI.dll (00007FFAA04A0000), size: 32768 (result: 0), SymType: '-deferred-', PDB: '', fileVersion: 10.0.19041.3636
C:\windows\SYSTEM32\dhcpcsvc6.DLL:dhcpcsvc6.DLL (00007FFA97AD0000), size: 94208 (result: 0), SymType: '-deferred-', PDB: '', fileVersion: 10.0.19041.3636
C:\windows\SYSTEM32\dhcpcsvc.DLL:dhcpcsvc.DLL (00007FFA97A00000), size: 118784 (result: 0), SymType: '-deferred-', PDB: '', fileVersion: 10.0.19041.3636
C:\windows\SYSTEM32\DNSAPI.dll:DNSAPI.dll (00007FFA9DB80000), size: 827392 (result: 0), SymType: '-deferred-', PDB: '', fileVersion: 10.0.19041.4474
C:\windows\system32\napinsp.dll:napinsp.dll (00007FFA70400000), size: 94208 (result: 0), SymType: '-deferred-', PDB: '', fileVersion: 10.0.19041.3636
C:\windows\system32\pnrpnsp.dll:pnrpnsp.dll (00007FFA7A640000), size: 110592 (result: 0), SymType: '-deferred-', PDB: '', fileVersion: 10.0.19041.3636
C:\windows\system32\wshbth.dll:wshbth.dll (00007FFA9A960000), size: 86016 (result: 0), SymType: '-deferred-', PDB: '', fileVersion: 10.0.19041.3636
C:\windows\system32\NLAapi.dll:NLAapi.dll (00007FFA996E0000), size: 118784 (result: 0), SymType: '-deferred-', PDB: '', fileVersion: 10.0.19041.4123
C:\windows\System32\winrnr.dll:winrnr.dll (00007FFA7DEF0000), size: 73728 (result: 0), SymType: '-deferred-', PDB: '', fileVersion: 10.0.19041.3636
C:\windows\System32\fwpuclnt.dll:fwpuclnt.dll (00007FFA976F0000), size: 524288 (result: 0), SymType: '-deferred-', PDB: '', fileVersion: 10.0.19041.4957
C:\Windows\System32\rasadhlp.dll:rasadhlp.dll (00007FFA96DC0000), size: 40960 (result: 0), SymType: '-deferred-', PDB: '', fileVersion: 10.0.19041.3636
C:\Program Files\Unity\Hub\Editor\2022.3.46f1\Editor\NVUnityPlugin.DLL:NVUnityPlugin.DLL (00007FF9EB1D0000), size: 1519616 (result: 0), SymType: '-deferred-', PDB: ''
C:\Program Files\Unity\Hub\Editor\2022.3.46f1\Editor\Data\Tools\astcenc-avx2.dll:astcenc-avx2.dll (00007FF9F80E0000), size: 540672 (result: 0), SymType: '-deferred-', PDB: ''
C:\windows\System32\MMDevApi.dll:MMDevApi.dll (00007FFA99D10000), size: 544768 (result: 0), SymType: '-deferred-', PDB: '', fileVersion: 10.0.19041.4355
C:\windows\System32\DEVOBJ.dll:DEVOBJ.dll (00007FFA9E800000), size: 208896 (result: 0), SymType: '-deferred-', PDB: '', fileVersion: 10.0.19041.4355
C:\windows\SYSTEM32\d3d11.dll:d3d11.dll (00007FFA97AF0000), size: 2502656 (result: 0), SymType: '-deferred-', PDB: '', fileVersion: 10.0.19041.4355
C:\windows\SYSTEM32\dxgi.dll:dxgi.dll (00007FFA9CC80000), size: 1007616 (result: 0), SymType: '-deferred-', PDB: '', fileVersion: 10.0.19041.4957
C:\windows\System32\DriverStore\FileRepository\iigd_dch.inf_amd64_c067c16b971a4a2b\igd10iumd64.dll:igd10iumd64.dll (00007FFA90C00000), size: 3121152 (result: 0), SymType: '-deferred-', PDB: '', fileVersion: 32.0.101.5972
C:\windows\SYSTEM32\apphelp.dll:apphelp.dll (00007FFA99610000), size: 606208 (result: 0), SymType: '-deferred-', PDB: '', fileVersion: 10.0.19041.4957
C:\windows\System32\DriverStore\FileRepository\iigd_dch.inf_amd64_c067c16b971a4a2b\igd10um64xe.DLL:igd10um64xe.DLL (00007FFA8F990000), size: 19292160 (result: 0), SymType: '-deferred-', PDB: '', fileVersion: 32.0.101.5972
C:\windows\System32\DriverStore\FileRepository\iigd_dch.inf_amd64_c067c16b971a4a2b\IntelControlLib.dll:IntelControlLib.dll (00007FFA8F8C0000), size: 651264 (result: 0), SymType: '-deferred-', PDB: '', fileVersion: 1.0.207.0
C:\windows\System32\DriverStore\FileRepository\iigd_dch.inf_amd64_c067c16b971a4a2b\igdgmm64.dll:igdgmm64.dll (00007FFA8F360000), size: 4464640 (result: 0), SymType: '-deferred-', PDB: '', fileVersion: 32.0.101.5972
C:\windows\System32\DriverStore\FileRepository\iigd_dch.inf_amd64_c067c16b971a4a2b\igc64.dll:igc64.dll (00007FFA8EFE0000), size: 155648 (result: 0), SymType: '-deferred-', PDB: '', fileVersion: 32.0.101.5972
C:\windows\System32\DriverStore\FileRepository\iigd_dch.inf_amd64_c067c16b971a4a2b\igc1464.dll:igc1464.dll (00007FFA8AB60000), size: 69693440 (result: 0), SymType: '-deferred-', PDB: '', fileVersion: 32.0.101.5972
C:\windows\SYSTEM32\dxcore.dll:dxcore.dll (00007FFA92720000), size: 241664 (result: 0), SymType: '-deferred-', PDB: '', fileVersion: 10.0.19041.4474
C:\windows\system32\wbem\wbemprox.dll:wbemprox.dll (00007FFA7E0B0000), size: 69632 (result: 0), SymType: '-deferred-', PDB: '', fileVersion: 10.0.19041.4474
C:\windows\SYSTEM32\wbemcomn.dll:wbemcomn.dll (00007FFA91040000), size: 589824 (result: 0), SymType: '-deferred-', PDB: '', fileVersion: 10.0.19041.4355
C:\windows\system32\wbem\wbemsvc.dll:wbemsvc.dll (00007FFA74150000), size: 81920 (result: 0), SymType: '-deferred-', PDB: '', fileVersion: 10.0.19041.4474
C:\windows\system32\wbem\fastprox.dll:fastprox.dll (00007FFA741F0000), size: 1097728 (result: 0), SymType: '-deferred-', PDB: '', fileVersion: 10.0.19041.4355
C:\windows\SYSTEM32\amsi.dll:amsi.dll (00007FFA727C0000), size: 126976 (result: 0), SymType: '-deferred-', PDB: '', fileVersion: 10.0.19041.4355
C:\windows\SYSTEM32\opencl.dll:opencl.dll (00007FF9EFE60000), size: 487424 (result: 0), SymType: '-deferred-', PDB: '', fileVersion: 2.2.8.0
C:\Program Files\Unity\Hub\Editor\2022.3.46f1\Editor\radeonrays.dll:radeonrays.dll (00007FF9EEE80000), size: 557056 (result: 0), SymType: '-deferred-', PDB: ''
C:\Program Files\Unity\Hub\Editor\2022.3.46f1\Editor\Data\MonoBleedingEdge\EmbedRuntime\mono-2.0-bdwgc.dll:mono-2.0-bdwgc.dll (00007FF9B5530000), size: 10825728 (result: 0), SymType: '-deferred-', PDB: ''
C:\windows\SYSTEM32\dbghelp.dll:dbghelp.dll (00007FFA9B920000), size: 1982464 (result: 0), SymType: '-deferred-', PDB: '', fileVersion: 10.0.19041.3636

========== OUTPUTTING STACK TRACE ==================

0x00007FFA9EE6B699 (KERNELBASE) RaiseException
0x00007FF6E85DA960 (Unity) EditorMonoConsole::LogToConsoleImplementation
0x00007FF6E85DB3DD (Unity) EditorMonoConsole::LogToConsoleImplementation
0x00007FF6E929EA3F (Unity) DebugStringToFilePostprocessedStacktrace
0x00007FF6E929E19A (Unity) DebugStringToFile
0x00007FF6E8A82086 (Unity) RegisterAssemblyDefinition
0x00007FF6E8EDA5D5 (Unity) ProcessAssemblyAssets
0x00007FF6E8EDB3BF (Unity) UpdateScriptCompilationPipelineCaches
0x00007FF6E8EDB884 (Unity) WorkerInitializeAndProcessScriptChanges
0x00007FF6E875A759 (Unity) Application::InitializeProject
0x00007FF6E8BED995 (Unity) WinMain
0x00007FF6E9F9F98E (Unity) __scrt_common_main_seh
SymInit: Symbol-SearchPath: 'C:/Program Files/Unity/Hub/Editor/2022.3.46f1/Editor/Data/Mono;.;C:\Users\drnigm\Documents\GitHub\igme-206-negrin\Unity Projects\Projects\Exercise U2;C:\Users\drnigm\Documents\GitHub\igme-206-negrin\Unity Projects\Projects\Exercise U2\Library\BurstCache\JIT;C:\Program Files\Unity\Hub\Editor\2022.3.46f1\Editor;C:\windows;C:\windows\system32;', symOptions: 534, UserName: 'drnigm'
OS-Version: 10.0.0
C:\Program Files\Unity\Hub\Editor\2022.3.46f1\Editor\Unity.exe:Unity.exe (00007FF6E6A00000), size: 82362368 (result: 0), SymType: 'PDB', PDB: 'C:\Program Files\Unity\Hub\Editor\2022.3.46f1\Editor\Unity_x64.pdb', fileVersion: 2022.3.46.39813
C:\windows\SYSTEM32\ntd1l.dll:ntd1l.dll (000002BDC7BA0000), size: 2064384 (result: 0), SymType: '-exported-', PDB: 'C:\windows\SYSTEM32\ntd1l.dll'
C:\windows\System32\kern3l32.dll:kern3l32.dll (000002BDC7DA0000), size: 794624 (result: 0), SymType: '-exported-', PDB: 'C:\windows\System32\kern3l32.dll'
C:\windows\SYSTEM32\ntdll.dll:ntdll.dll (00007FFAA13D0000), size: 2064384 (result: 0), SymType: '-exported-', PDB: 'C:\windows\SYSTEM32\ntdll.dll', fileVersion: 10.0.19041.5007
C:\windows\System32\KERNEL32.DLL:KERNEL32.DLL (00007FFAA04B0000), size: 794624 (result: 0), SymType: '-nosymbols-', PDB: 'C:\windows\System32\KERNEL32.DLL', fileVersion: 10.0.19041.4957
C:\windows\System32\KERNELBASE.dll:KERNELBASE.dll (00007FFA9EE30000), size: 3137536 (result: 0), SymType: '-exported-', PDB: 'C:\windows\System32\KERNELBASE.dll', fileVersion: 10.0.19041.4957
C:\Program Files\SentinelOne\Sentinel Agent 23.4.4.223\InProcessClient64.dll:InProcessClient64.dll (00007FFA9E4C0000), size: 3346432 (result: 0), SymType: '-nosymbols-', PDB: 'C:\Program Files\SentinelOne\Sentinel Agent 23.4.4.223\InProcessClient64.dll', fileVersion: 23.4.4.223
C:\windows\System32\ADVAPI32.dll:ADVAPI32.dll (00007FFAA02A0000), size: 729088 (result: 0), SymType: '-exported-', PDB: 'C:\windows\System32\ADVAPI32.dll', fileVersion: 10.0.19041.5011
C:\windows\System32\msvcrt.dll:msvcrt.dll (00007FFAA0A70000), size: 647168 (result: 0), SymType: '-exported-', PDB: 'C:\windows\System32\msvcrt.dll', fileVersion: 7.0.19041.3636
C:\windows\System32\sechost.dll:sechost.dll (00007FFAA0B10000), size: 655360 (result: 0), SymType: '-exported-', PDB: 'C:\windows\System32\sechost.dll', fileVersion: 10.0.19041.4597
C:\windows\System32\RPCRT4.dll:RPCRT4.dll (00007FFAA0940000), size: 1191936 (result: 0), SymType: '-exported-', PDB: 'C:\windows\System32\RPCRT4.dll', fileVersion: 10.0.19041.4957
C:\windows\System32\bcrypt.dll:bcrypt.dll (00007FFA9EA70000), size: 159744 (result: 0), SymType: '-exported-', PDB: 'C:\windows\System32\bcrypt.dll', fileVersion: 10.0.19041.3636
C:\windows\System32\CRYPT32.dll:CRYPT32.dll (00007FFA9EB10000), size: 1425408 (result: 0), SymType: '-exported-', PDB: 'C:\windows\System32\CRYPT32.dll', fileVersion: 10.0.19041.4894
C:\windows\System32\ucrtbase.dll:ucrtbase.dll (00007FFA9F2F0000), size: 1048576 (result: 0), SymType: '-exported-', PDB: 'C:\windows\System32\ucrtbase.dll', fileVersion: 10.0.19041.3636
C:\windows\System32\USER32.dll:USER32.dll (00007FFAA0580000), size: 1691648 (result: 0), SymType: '-exported-', PDB: 'C:\windows\System32\USER32.dll', fileVersion: 10.0.19041.4717
C:\Program Files\Unity\Hub\Editor\2022.3.46f1\Editor\s3tcompress.dll:s3tcompress.dll (00007FFA72A50000), size: 180224 (result: 0), SymType: '-exported-', PDB: 'C:\Program Files\Unity\Hub\Editor\2022.3.46f1\Editor\s3tcompress.dll'
C:\Program Files\Unity\Hub\Editor\2022.3.46f1\Editor\etccompress.dll:etccompress.dll (00007FF9D16E0000), size: 5066752 (result: 0), SymType: '-exported-', PDB: 'C:\Program Files\Unity\Hub\Editor\2022.3.46f1\Editor\etccompress.dll'
C:\Program Files\Unity\Hub\Editor\2022.3.46f1\Editor\libfbxsdk.dll:libfbxsdk.dll (00007FF9C2810000), size: 8019968 (result: 0), SymType: '-exported-', PDB: 'C:\Program Files\Unity\Hub\Editor\2022.3.46f1\Editor\libfbxsdk.dll', fileVersion: 2020.3.7.0
C:\windows\System32\win32u.dll:win32u.dll (00007FFA9EC70000), size: 139264 (result: 0), SymType: '-exported-', PDB: 'C:\windows\System32\win32u.dll', fileVersion: 10.0.19041.5007
C:\windows\System32\GDI32.dll:GDI32.dll (00007FFAA0C80000), size: 176128 (result: 0), SymType: '-exported-', PDB: 'C:\windows\System32\GDI32.dll', fileVersion: 10.0.19041.4474
C:\Program Files\Unity\Hub\Editor\2022.3.46f1\Editor\compress_bc7e.dll:compress_bc7e.dll (00007FF9F4080000), size: 1433600 (result: 0), SymType: '-exported-', PDB: 'C:\Program Files\Unity\Hub\Editor\2022.3.46f1\Editor\compress_bc7e.dll'
C:\Program Files\Unity\Hub\Editor\2022.3.46f1\Editor\ispc_texcomp.dll:ispc_texcomp.dll (00007FF9F0100000), size: 1826816 (result: 0), SymType: '-exported-', PDB: 'C:\Program Files\Unity\Hub\Editor\2022.3.46f1\Editor\ispc_texcomp.dll'
C:\Program Files\Unity\Hub\Editor\2022.3.46f1\Editor\FreeImage.dll:FreeImage.dll (0000000180000000), size: 5783552 (result: 0), SymType: '-exported-', PDB: 'C:\Program Files\Unity\Hub\Editor\2022.3.46f1\Editor\FreeImage.dll', fileVersion: 3.18.0.0
C:\windows\System32\WS2_32.dll:WS2_32.dll (00007FFAA0720000), size: 438272 (result: 0), SymType: '-exported-', PDB: 'C:\windows\System32\WS2_32.dll', fileVersion: 10.0.19041.3636
C:\windows\System32\gdi32full.dll:gdi32full.dll (00007FFA9F130000), size: 1142784 (result: 0), SymType: '-exported-', PDB: 'C:\windows\System32\gdi32full.dll', fileVersion: 10.0.19041.4957
C:\Program Files\Unity\Hub\Editor\2022.3.46f1\Editor\WinPixEventRuntime.dll:WinPixEventRuntime.dll (00007FFA94930000), size: 45056 (result: 0), SymType: '-exported-', PDB: 'C:\Program Files\Unity\Hub\Editor\2022.3.46f1\Editor\WinPixEventRuntime.dll', fileVersion: 1.0.1812.6001
C:\Program Files\Unity\Hub\Editor\2022.3.46f1\Editor\umbraoptimizer64.dll:umbraoptimizer64.dll (00007FF9F5410000), size: 1187840 (result: 0), SymType: '-exported-', PDB: 'C:\Program Files\Unity\Hub\Editor\2022.3.46f1\Editor\umbraoptimizer64.dll'
C:\windows\System32\msvcp_win.dll:msvcp_win.dll (00007FFA9F250000), size: 643072 (result: 0), SymType: '-exported-', PDB: 'C:\windows\System32\msvcp_win.dll', fileVersion: 10.0.19041.3636
C:\windows\SYSTEM32\MSVCP140.dll:MSVCP140.dll (00007FFA6D320000), size: 577536 (result: 0), SymType: '-exported-', PDB: 'C:\windows\SYSTEM32\MSVCP140.dll', fileVersion: 14.40.33810.0
C:\windows\SYSTEM32\VCRUNTIME140.dll:VCRUNTIME140.dll (00007FFA6D300000), size: 122880 (result: 0), SymType: '-exported-', PDB: 'C:\windows\SYSTEM32\VCRUNTIME140.dll', fileVersion: 14.40.33810.0
C:\windows\System32\SHELL32.dll:SHELL32.dll (00007FFA9F400000), size: 7794688 (result: 0), SymType: '-exported-', PDB: 'C:\windows\System32\SHELL32.dll', fileVersion: 10.0.19041.4957
C:\windows\SYSTEM32\VCRUNTIME140_1.dll:VCRUNTIME140_1.dll (00007FFA6D2F0000), size: 49152 (result: 0), SymType: '-exported-', PDB: 'C:\windows\SYSTEM32\VCRUNTIME140_1.dll', fileVersion: 14.40.33810.0
C:\windows\System32\SHLWAPI.dll:SHLWAPI.dll (00007FFAA00F0000), size: 348160 (result: 0), SymType: '-exported-', PDB: 'C:\windows\System32\SHLWAPI.dll', fileVersion: 10.0.19041.4355
C:\windows\System32\ole32.dll:ole32.dll (00007FFAA1070000), size: 1224704 (result: 0), SymType: '-exported-', PDB: 'C:\windows\System32\ole32.dll', fileVersion: 10.0.19041.4355
C:\windows\System32\combase.dll:combase.dll (00007FFAA0D10000), size: 3485696 (result: 0), SymType: '-exported-', PDB: 'C:\windows\System32\combase.dll', fileVersion: 10.0.19041.4717
C:\windows\System32\IMM32.dll:IMM32.dll (00007FFAA0150000), size: 192512 (result: 0), SymType: '-exported-', PDB: 'C:\windows\System32\IMM32.dll', fileVersion: 10.0.19041.4474
C:\windows\System32\SETUPAPI.dll:SETUPAPI.dll (00007FFA9FC80000), size: 4644864 (result: 0), SymType: '-exported-', PDB: 'C:\windows\System32\SETUPAPI.dll', fileVersion: 10.0.19041.4355
C:\windows\SYSTEM32\OPENGL32.dll:OPENGL32.dll (00007FF9EFFD0000), size: 1212416 (result: 0), SymType: '-exported-', PDB: 'C:\windows\SYSTEM32\OPENGL32.dll', fileVersion: 10.0.19041.4957
C:\windows\SYSTEM32\GLU32.dll:GLU32.dll (00007FFA72A20000), size: 180224 (result: 0), SymType: '-exported-', PDB: 'C:\windows\SYSTEM32\GLU32.dll', fileVersion: 10.0.19041.3636
C:\windows\System32\cfgmgr32.dll:cfgmgr32.dll (00007FFA9ECA0000), size: 319488 (result: 0), SymType: '-exported-', PDB: 'C:\windows\System32\cfgmgr32.dll', fileVersion: 10.0.19041.3996
C:\windows\SYSTEM32\IPHLPAPI.DLL:IPHLPAPI.DLL (00007FFA9DB30000), size: 241664 (result: 0), SymType: '-exported-', PDB: 'C:\windows\SYSTEM32\IPHLPAPI.DLL', fileVersion: 10.0.19041.3636
C:\windows\System32\OLEAUT32.dll:OLEAUT32.dll (00007FFAA0BB0000), size: 839680 (result: 0), SymType: '-exported-', PDB: 'C:\windows\System32\OLEAUT32.dll', fileVersion: 10.0.19041.3636
C:\windows\System32\WINTRUST.dll:WINTRUST.dll (00007FFA9EAA0000), size: 430080 (result: 0), SymType: '-exported-', PDB: 'C:\windows\System32\WINTRUST.dll', fileVersion: 10.0.19041.4957
C:\windows\SYSTEM32\WINHTTP.dll:WINHTTP.dll (00007FFA9D6D0000), size: 1101824 (result: 0), SymType: '-exported-', PDB: 'C:\windows\SYSTEM32\WINHTTP.dll', fileVersion: 10.0.19041.4717
C:\windows\SYSTEM32\WINMM.dll:WINMM.dll (00007FFA8F960000), size: 159744 (result: 0), SymType: '-exported-', PDB: 'C:\windows\SYSTEM32\WINMM.dll', fileVersion: 10.0.19041.3636
C:\windows\SYSTEM32\HID.DLL:HID.DLL (00007FFA9CC50000), size: 53248 (result: 0), SymType: '-exported-', PDB: 'C:\windows\SYSTEM32\HID.DLL', fileVersion: 10.0.19041.3636
C:\Program Files\Unity\Hub\Editor\2022.3.46f1\Editor\SketchUpAPI.dll:SketchUpAPI.dll (00007FF9C0DF0000), size: 8990720 (result: 0), SymType: '-exported-', PDB: 'C:\Program Files\Unity\Hub\Editor\2022.3.46f1\Editor\SketchUpAPI.dll', fileVersion: 23.0.0.0
C:\windows\SYSTEM32\dwmapi.dll:dwmapi.dll (00007FFA9BE80000), size: 192512 (result: 0), SymType: '-exported-', PDB: 'C:\windows\SYSTEM32\dwmapi.dll', fileVersion: 10.0.19041.4355
C:\Program Files\Unity\Hub\Editor\2022.3.46f1\Editor\NativeProxyHelper.dll:NativeProxyHelper.dll (00007FF9E66C0000), size: 1789952 (result: 0), SymType: '-exported-', PDB: 'C:\Program Files\Unity\Hub\Editor\2022.3.46f1\Editor\NativeProxyHelper.dll'
C:\windows\SYSTEM32\VERSION.dll:VERSION.dll (00007FFA9E4B0000), size: 40960 (result: 0), SymType: '-exported-', PDB: 'C:\windows\SYSTEM32\VERSION.dll', fileVersion: 10.0.19041.3636
C:\windows\SYSTEM32\WSOCK32.dll:WSOCK32.dll (00007FFA7D9A0000), size: 36864 (result: 0), SymType: '-exported-', PDB: 'C:\windows\SYSTEM32\WSOCK32.dll', fileVersion: 10.0.19041.1
C:\Program Files\Unity\Hub\Editor\2022.3.46f1\Editor\SketchUpCommonPreferences.dll:SketchUpCommonPreferences.dll (00007FF9F8A70000), size: 499712 (result: 0), SymType: '-exported-', PDB: 'C:\Program Files\Unity\Hub\Editor\2022.3.46f1\Editor\SketchUpCommonPreferences.dll', fileVersion: 23.0.0.0
C:\windows\SYSTEM32\Secur32.dll:Secur32.dll (00007FFA88590000), size: 49152 (result: 0), SymType: '-exported-', PDB: 'C:\windows\SYSTEM32\Secur32.dll', fileVersion: 10.0.19041.3636
C:\windows\SYSTEM32\SSPICLI.DLL:SSPICLI.DLL (00007FFA9E920000), size: 204800 (result: 0), SymType: '-exported-', PDB: 'C:\windows\SYSTEM32\SSPICLI.DLL', fileVersion: 10.0.19041.4239
C:\Program Files\Unity\Hub\Editor\2022.3.46f1\Editor\OpenRL.dll:OpenRL.dll (000002BDC6B50000), size: 12779520 (result: 0), SymType: '-exported-', PDB: 'C:\Program Files\Unity\Hub\Editor\2022.3.46f1\Editor\OpenRL.dll', fileVersion: 1.5.0.2907
C:\windows\SYSTEM32\MSVCP100.dll:MSVCP100.dll (000000006E560000), size: 622592 (result: 0), SymType: '-exported-', PDB: 'C:\windows\SYSTEM32\MSVCP100.dll', fileVersion: 10.0.40219.325
C:\windows\SYSTEM32\MSVCR100.dll:MSVCR100.dll (000000006E600000), size: 860160 (result: 0), SymType: '-exported-', PDB: 'C:\windows\SYSTEM32\MSVCR100.dll', fileVersion: 10.0.40219.325
C:\Program Files\Unity\Hub\Editor\2022.3.46f1\Editor\embree.dll:embree.dll (00007FF9BFE00000), size: 16711680 (result: 0), SymType: '-exported-', PDB: 'C:\Program Files\Unity\Hub\Editor\2022.3.46f1\Editor\embree.dll', fileVersion: 2.14.0.0
C:\windows\SYSTEM32\MSWSOCK.DLL:MSWSOCK.DLL (00007FFA9DEA0000), size: 434176 (result: 0), SymType: '-exported-', PDB: 'C:\windows\SYSTEM32\MSWSOCK.DLL', fileVersion: 10.0.19041.3636
C:\Program Files\Unity\Hub\Editor\2022.3.46f1\Editor\tbb.dll:tbb.dll (00007FF9F8690000), size: 413696 (result: 0), SymType: '-exported-', PDB: 'C:\Program Files\Unity\Hub\Editor\2022.3.46f1\Editor\tbb.dll', fileVersion: 2017.0.2016.1004
C:\windows\SYSTEM32\MSVCP120.dll:MSVCP120.dll (00007FF9F3F40000), size: 679936 (result: 0), SymType: '-exported-', PDB: 'C:\windows\SYSTEM32\MSVCP120.dll', fileVersion: 12.0.21005.1
C:\windows\SYSTEM32\MSVCR120.dll:MSVCR120.dll (00007FF9EFEE0000), size: 978944 (result: 0), SymType: '-exported-', PDB: 'C:\windows\SYSTEM32\MSVCR120.dll', fileVersion: 12.0.21005.1
C:\Program Files\Unity\Hub\Editor\2022.3.46f1\Editor\OpenRL_pthread.dll:OpenRL_pthread.dll (000002BDC77A0000), size: 61440 (result: 0), SymType: '-exported-', PDB: 'C:\Program Files\Unity\Hub\Editor\2022.3.46f1\Editor\OpenRL_pthread.dll', fileVersion: 2.9.0.0
C:\windows\SYSTEM32\FLTLIB.DLL:FLTLIB.DLL (00007FFA9E4A0000), size: 45056 (result: 0), SymType: '-exported-', PDB: 'C:\windows\SYSTEM32\FLTLIB.DLL', fileVersion: 10.0.19041.3636
C:\windows\SYSTEM32\MSASN1.dll:MSASN1.dll (00007FFA9E2D0000), size: 73728 (result: 0), SymType: '-exported-', PDB: 'C:\windows\SYSTEM32\MSASN1.dll', fileVersion: 10.0.19041.3636
C:\windows\System32\bcryptprimitives.dll:bcryptprimitives.dll (00007FFA9ECF0000), size: 532480 (result: 0), SymType: '-exported-', PDB: 'C:\windows\System32\bcryptprimitives.dll', fileVersion: 10.0.19041.5007
C:\windows\SYSTEM32\kernel.appcore.dll:kernel.appcore.dll (00007FFA9C280000), size: 73728 (result: 0), SymType: '-exported-', PDB: 'C:\windows\SYSTEM32\kernel.appcore.dll', fileVersion: 10.0.19041.3758
C:\windows\system32\uxtheme.dll:uxtheme.dll (00007FFA9BB10000), size: 647168 (result: 0), SymType: '-exported-', PDB: 'C:\windows\system32\uxtheme.dll', fileVersion: 10.0.19041.4529
C:\windows\SYSTEM32\windows.storage.dll:windows.storage.dll (00007FFA9C4A0000), size: 8011776 (result: 0), SymType: '-exported-', PDB: 'C:\windows\SYSTEM32\windows.storage.dll', fileVersion: 10.0.19041.4957
C:\windows\SYSTEM32\Wldp.dll:Wldp.dll (00007FFA9E140000), size: 188416 (result: 0), SymType: '-exported-', PDB: 'C:\windows\SYSTEM32\Wldp.dll', fileVersion: 10.0.19041.4780
C:\windows\System32\SHCORE.dll:SHCORE.dll (00007FFA9FB70000), size: 708608 (result: 0), SymType: '-exported-', PDB: 'C:\windows\System32\SHCORE.dll', fileVersion: 10.0.19041.4522
C:\windows\SYSTEM32\profapi.dll:profapi.dll (00007FFA9E9A0000), size: 147456 (result: 0), SymType: '-nosymbols-', PDB: 'C:\windows\SYSTEM32\profapi.dll', fileVersion: 10.0.19041.4355
C:\windows\system32\IconCodecService.dll:IconCodecService.dll (00007FFA60D80000), size: 36864 (result: 0), SymType: '-nosymbols-', PDB: 'C:\windows\system32\IconCodecService.dll', fileVersion: 10.0.19041.1
C:\windows\SYSTEM32\WindowsCodecs.dll:WindowsCodecs.dll (00007FFA9B660000), size: 1794048 (result: 0), SymType: '-exported-', PDB: 'C:\windows\SYSTEM32\WindowsCodecs.dll', fileVersion: 10.0.19041.4648
C:\windows\System32\clbcatq.dll:clbcatq.dll (00007FFAA12E0000), size: 692224 (result: 0), SymType: '-exported-', PDB: 'C:\windows\System32\clbcatq.dll', fileVersion: 2001.12.10941.16384
C:\windows\System32\netprofm.dll:netprofm.dll (00007FFA9A990000), size: 258048 (result: 0), SymType: '-exported-', PDB: 'C:\windows\System32\netprofm.dll', fileVersion: 10.0.19041.4355
C:\windows\System32\npmproxy.dll:npmproxy.dll (00007FFA952B0000), size: 65536 (result: 0), SymType: '-exported-', PDB: 'C:\windows\System32\npmproxy.dll', fileVersion: 10.0.19041.4239
C:\windows\System32\NSI.dll:NSI.dll (00007FFAA04A0000), size: 32768 (result: 0), SymType: '-exported-', PDB: 'C:\windows\System32\NSI.dll', fileVersion: 10.0.19041.3636
C:\windows\SYSTEM32\dhcpcsvc6.DLL:dhcpcsvc6.DLL (00007FFA97AD0000), size: 94208 (result: 0), SymType: '-exported-', PDB: 'C:\windows\SYSTEM32\dhcpcsvc6.DLL', fileVersion: 10.0.19041.3636
C:\windows\SYSTEM32\dhcpcsvc.DLL:dhcpcsvc.DLL (00007FFA97A00000), size: 118784 (result: 0), SymType: '-exported-', PDB: 'C:\windows\SYSTEM32\dhcpcsvc.DLL', fileVersion: 10.0.19041.3636
C:\windows\SYSTEM32\DNSAPI.dll:DNSAPI.dll (00007FFA9DB80000), size: 827392 (result: 0), SymType: '-exported-', PDB: 'C:\windows\SYSTEM32\DNSAPI.dll', fileVersion: 10.0.19041.4474
C:\windows\system32\napinsp.dll:napinsp.dll (00007FFA70400000), size: 94208 (result: 0), SymType: '-exported-', PDB: 'C:\windows\system32\napinsp.dll', fileVersion: 10.0.19041.3636
C:\windows\system32\pnrpnsp.dll:pnrpnsp.dll (00007FFA7A640000), size: 110592 (result: 0), SymType: '-exported-', PDB: 'C:\windows\system32\pnrpnsp.dll', fileVersion: 10.0.19041.3636
C:\windows\system32\wshbth.dll:wshbth.dll (00007FFA9A960000), size: 86016 (result: 0), SymType: '-exported-', PDB: 'C:\windows\system32\wshbth.dll', fileVersion: 10.0.19041.3636
C:\windows\system32\NLAapi.dll:NLAapi.dll (00007FFA996E0000), size: 118784 (result: 0), SymType: '-exported-', PDB: 'C:\windows\system32\NLAapi.dll', fileVersion: 10.0.19041.4123
C:\windows\System32\winrnr.dll:winrnr.dll (00007FFA7DEF0000), size: 73728 (result: 0), SymType: '-exported-', PDB: 'C:\windows\System32\winrnr.dll', fileVersion: 10.0.19041.3636
C:\windows\System32\fwpuclnt.dll:fwpuclnt.dll (00007FFA976F0000), size: 524288 (result: 0), SymType: '-exported-', PDB: 'C:\windows\System32\fwpuclnt.dll', fileVersion: 10.0.19041.4957
C:\Windows\System32\rasadhlp.dll:rasadhlp.dll (00007FFA96DC0000), size: 40960 (result: 0), SymType: '-exported-', PDB: 'C:\Windows\System32\rasadhlp.dll', fileVersion: 10.0.19041.3636
C:\Program Files\Unity\Hub\Editor\2022.3.46f1\Editor\NVUnityPlugin.DLL:NVUnityPlugin.DLL (00007FF9EB1D0000), size: 1519616 (result: 0), SymType: '-exported-', PDB: 'C:\Program Files\Unity\Hub\Editor\2022.3.46f1\Editor\NVUnityPlugin.DLL'
C:\Program Files\Unity\Hub\Editor\2022.3.46f1\Editor\Data\Tools\astcenc-avx2.dll:astcenc-avx2.dll (00007FF9F80E0000), size: 540672 (result: 0), SymType: '-exported-', PDB: 'C:\Program Files\Unity\Hub\Editor\2022.3.46f1\Editor\Data\Tools\astcenc-avx2.dll'
C:\windows\System32\MMDevApi.dll:MMDevApi.dll (00007FFA99D10000), size: 544768 (result: 0), SymType: '-exported-', PDB: 'C:\windows\System32\MMDevApi.dll', fileVersion: 10.0.19041.4355
C:\windows\System32\DEVOBJ.dll:DEVOBJ.dll (00007FFA9E800000), size: 208896 (result: 0), SymType: '-exported-', PDB: 'C:\windows\System32\DEVOBJ.dll', fileVersion: 10.0.19041.4355
C:\windows\SYSTEM32\d3d11.dll:d3d11.dll (00007FFA97AF0000), size: 2502656 (result: 0), SymType: '-exported-', PDB: 'C:\windows\SYSTEM32\d3d11.dll', fileVersion: 10.0.19041.4355
C:\windows\SYSTEM32\dxgi.dll:dxgi.dll (00007FFA9CC80000), size: 1007616 (result: 0), SymType: '-exported-', PDB: 'C:\windows\SYSTEM32\dxgi.dll', fileVersion: 10.0.19041.4957
C:\windows\System32\DriverStore\FileRepository\iigd_dch.inf_amd64_c067c16b971a4a2b\igd10iumd64.dll:igd10iumd64.dll (00007FFA90C00000), size: 3121152 (result: 0), SymType: '-exported-', PDB: 'C:\windows\System32\DriverStore\FileRepository\iigd_dch.inf_amd64_c067c16b971a4a2b\igd10iumd64.dll', fileVersion: 32.0.101.5972
C:\windows\SYSTEM32\apphelp.dll:apphelp.dll (00007FFA99610000), size: 606208 (result: 0), SymType: '-exported-', PDB: 'C:\windows\SYSTEM32\apphelp.dll', fileVersion: 10.0.19041.4957
C:\windows\System32\DriverStore\FileRepository\iigd_dch.inf_amd64_c067c16b971a4a2b\igd10um64xe.DLL:igd10um64xe.DLL (00007FFA8F990000), size: 19292160 (result: 0), SymType: '-exported-', PDB: 'C:\windows\System32\DriverStore\FileRepository\iigd_dch.inf_amd64_c067c16b971a4a2b\igd10um64xe.DLL', fileVersion: 32.0.101.5972
C:\windows\System32\DriverStore\FileRepository\iigd_dch.inf_amd64_c067c16b971a4a2b\IntelControlLib.dll:IntelControlLib.dll (00007FFA8F8C0000), size: 651264 (result: 0), SymType: '-exported-', PDB: 'C:\windows\System32\DriverStore\FileRepository\iigd_dch.inf_amd64_c067c16b971a4a2b\IntelControlLib.dll', fileVersion: 1.0.207.0
C:\windows\System32\DriverStore\FileRepository\iigd_dch.inf_amd64_c067c16b971a4a2b\igdgmm64.dll:igdgmm64.dll (00007FFA8F360000), size: 4464640 (result: 0), SymType: '-exported-', PDB: 'C:\windows\System32\DriverStore\FileRepository\iigd_dch.inf_amd64_c067c16b971a4a2b\igdgmm64.dll', fileVersion: 32.0.101.5972
C:\windows\System32\DriverStore\FileRepository\iigd_dch.inf_amd64_c067c16b971a4a2b\igc64.dll:igc64.dll (00007FFA8EFE0000), size: 155648 (result: 0), SymType: '-exported-', PDB: 'C:\windows\System32\DriverStore\FileRepository\iigd_dch.inf_amd64_c067c16b971a4a2b\igc64.dll', fileVersion: 32.0.101.5972
C:\windows\System32\DriverStore\FileRepository\iigd_dch.inf_amd64_c067c16b971a4a2b\igc1464.dll:igc1464.dll (00007FFA8AB60000), size: 69693440 (result: 0), SymType: '-exported-', PDB: 'C:\windows\System32\DriverStore\FileRepository\iigd_dch.inf_amd64_c067c16b971a4a2b\igc1464.dll', fileVersion: 32.0.101.5972
C:\windows\SYSTEM32\dxcore.dll:dxcore.dll (00007FFA92720000), size: 241664 (result: 0), SymType: '-exported-', PDB: 'C:\windows\SYSTEM32\dxcore.dll', fileVersion: 10.0.19041.4474
C:\windows\system32\wbem\wbemprox.dll:wbemprox.dll (00007FFA7E0B0000), size: 69632 (result: 0), SymType: '-exported-', PDB: 'C:\windows\system32\wbem\wbemprox.dll', fileVersion: 10.0.19041.4474
C:\windows\SYSTEM32\wbemcomn.dll:wbemcomn.dll (00007FFA91040000), size: 589824 (result: 0), SymType: '-exported-', PDB: 'C:\windows\SYSTEM32\wbemcomn.dll', fileVersion: 10.0.19041.4355
C:\windows\system32\wbem\wbemsvc.dll:wbemsvc.dll (00007FFA74150000), size: 81920 (result: 0), SymType: '-exported-', PDB: 'C:\windows\system32\wbem\wbemsvc.dll', fileVersion: 10.0.19041.4474
C:\windows\system32\wbem\fastprox.dll:fastprox.dll (00007FFA741F0000), size: 1097728 (result: 0), SymType: '-exported-', PDB: 'C:\windows\system32\wbem\fastprox.dll', fileVersion: 10.0.19041.4355
C:\windows\SYSTEM32\amsi.dll:amsi.dll (00007FFA727C0000), size: 126976 (result: 0), SymType: '-exported-', PDB: 'C:\windows\SYSTEM32\amsi.dll', fileVersion: 10.0.19041.4355
C:\windows\SYSTEM32\opencl.dll:opencl.dll (00007FF9EFE60000), size: 487424 (result: 0), SymType: '-exported-', PDB: 'C:\windows\SYSTEM32\opencl.dll', fileVersion: 2.2.8.0
C:\Program Files\Unity\Hub\Editor\2022.3.46f1\Editor\radeonrays.dll:radeonrays.dll (00007FF9EEE80000), size: 557056 (result: 0), SymType: '-exported-', PDB: 'C:\Program Files\Unity\Hub\Editor\2022.3.46f1\Editor\radeonrays.dll'
C:\Program Files\Unity\Hub\Editor\2022.3.46f1\Editor\Data\MonoBleedingEdge\EmbedRuntime\mono-2.0-bdwgc.dll:mono-2.0-bdwgc.dll (00007FF9B5530000), size: 10825728 (result: 0), SymType: 'PDB', PDB: 'C:\Program Files\Unity\Hub\Editor\2022.3.46f1\Editor\mono-2.0-bdwgc.pdb'
C:\windows\SYSTEM32\dbghelp.dll:dbghelp.dll (00007FFA9B920000), size: 1982464 (result: 0), SymType: '-exported-', PDB: 'C:\windows\SYSTEM32\dbghelp.dll', fileVersion: 10.0.19041.3636
  ERROR: SymGetSymFromAddr64, GetLastError: 'Attempt to access invalid address.' (Address: 00007FFAA04C7374)
0x00007FFAA04C7374 (KERNEL32) (function-name not available)
0x00007FFAA141CC91 (ntdll) RtlUserThreadStart

========== END OF STACKTRACE ===========

A crash has been intercepted by the crash handler. For call stack and other details, see the latest crash report generated in:
 * C:/Users/drnigm/AppData/Local/Temp/Unity/Editor/Crashes
